            QX(13)  Outflow from Mill Meadow reservoir to the Rabbit
        1989-2    0    0    0    0    0    0    0    061701707119610351100279615
        1990-1 77971390413812140391333017229196581412811478 68701917312998164416
        1991-1130971386112731128981178214410127022538425216 78983609417819203892
        1992-11211413403116521232313894161572162128069 7458 74314286411281198267
        1993-1112061406214132166401522617843130694904031816 628121541 9645220501
        1994-1150361399314051159811407214491216832358921474 82112566911165199415
        1995-1145211527913061135581252515432164713098186841344862140415979290538
        1996-116376174381772217975147161633813706419782710419278 901613658225305
        1997-1143341557814623154591338931057222114769833113281283353227344296466
        1998-1154031426713072136781425615380246224206945013163961455626123254835
        1999-1181891729515327169801342914637187472870132098 72454253717282242467
        2000-1113461287314317166501581315072202992914818422 835717518 8415188230
        2001-1149511400112620149801350021427158784208517788 765127121 8912210914
        2002-1 9928140651332912292108451292012338107301641619514 4637 7891144905
        2003-11015510953 98561027210910217351324626824227171339113805 5971169835
        2004-1 76111097211269 95191114214273188902574821457 7304 7628 5608151421
        2005-1126381337212189153561178312890193294710448530239691799212470247622
        2006-112082134991084911412 998912350213586476834565185832466313594247712
        2007-118533134421743614608120351952119457231291774716805 6605 6610185928
        2008-110278100761239810433102591189010992271223906921231 6249 5504175501
        2009-110864124741284512579107731269616811308952824020361 4442 5473178453
