                                                                                
        1950-243900 2600 5200 2500 9400 3400  90012200  60024500  50063200168900
        1951-2 1000 1200 1700 2500 3900 2400 8100 1700  700  80037200  600 61800
        1952-2 2000 46004820062400 4600 6300 2500  800  400  40013000 1800147000
        1953-1   80  120  140  370  280  240  230  440   30 260010240   50 14820
        1954-23990014500 2900 7000 370012500 6000 8600  500  7001920018900134400
        1955-22200049100 2100 1400 4800 9000 1600 5900  600 140015200  800113900
        1956-3 28241139821972121582089150815357412126211941  797 9042  117198959
        1957 0    0   13    8    4   42   37   83  121 2757 480112302 1618 21786
        1958-115734 3690 1246  713 2126 1411 3102 1628 2490  111  195  343 32791
        1959-327007316972685427034259162929113486 5807 1415  51267654 3341260014
        1960-2 6579 2833 1187 1594 23391882412199 3116 5865 1188  413  409 56546
        1961-2  752 1582 1277  452 1440 3475 3670 3916 1717  202 779221144 47421
        1962-230845 5572 2573 133213616 528515402 4051 2627 4833 1560 1622 89315
        1963-2 9025 2608 1843  545 711414376 3181 1218   25   88 9543 4500 54067
        1964-2  739 2262  892  160 1070 1671 2173 3349  838  40662531 2845 78936
        1965-1  185  133  257  411  216  238 1386  921 25431132219807 5216 42634
        1966-114130 1993 1515 5507  462 3307  976  400   40   38   50   62 28480
        1967-1   90   80  290   60  110  170  110 211019760 2860 4890  260 30790
        1968-2  800  900 1100  400 5100 330027900 1700  7005060026700  500119700
        1969-1  230  100  250  670  340  380  240  68011100  780 9660 3920 28350
        1970-2 1000 7300 3500 3300 3600 5100 4200  70011200  40011500  300 52100
        1971-3 8000320001400029000320001800032000 4000 30001300069000 5000259000
        1972-292900 2100 2900 2800 4600 2100 2400  700  400  300  600 1500113300
        1973-113250 1400  460  180  400 2870 1800 5010 1120   60   40  160 26750
        1974-221600 4500 3800 1300 19001330028600  800  500 6200  700  700 83900
        1975-2 1600 3600 1300 3300 41003610023400 8700 110013700  400  600 97900
        1976-2 6700 4900 1100  600 8000 7000 320024800  300212003330020900132000
        1977-2 8200  600  700  900 2900 2400 1400 51001070067300 400022000126200
        1978-2 1300 1200 1600 8400 4900 770052700 2200  300  200  200  300 81000
        1979-2  60010400 9900  700  800 9300 460016100  600  30011100  500 64900
        1980-2  700  900  600 1000 970041100 5700 1800  300 3100 160029200 95700
        1981-212100 2200  800 5100 26001110022600 1000  800  500 360063400125800
        1982-234700 3600 4500 6800 6600 3900 1800 1300  600  9009620067000227900
        1983-2 4300 3000 3800 5800 580010500 4700 2300217003280030400  600125700
        1984-224100 6200 3700 1300 3100 8500 9900 2100113003590054500 6200166800
        1985-224900 3100 5400 3900 3700 700015500 2900  600 7600  50029800104900
        1986-217800 4500 4600 4300 4900 40001580013600  50016200  800 1100 88100
        1987-223600 2700 4200 2200 8400 8800 8600 4500  500 310039900  400106900
        1988-21360032600 2100 1200 1600 7100 780019900  300  200 2800 4400 93600
        1989-3 600013000 8000 7000220006500014000 5000 2000 100025000 4000172000
        1990-3314363321113686 69742971022238 4793 3826 1210 4409 605733571191119
        1991-234050 2644 2662 2815 3522 2980 3509 1967  436  841 6586 8900 70910
        1992-3360474659032660132573923446076956816458234743344046586124521533655
        1993-2 5014 4738 2317 6932 6012244432852727787655412078722757 8570223424
        1994-211974 4293 2509 3483 2425 5444 2549 4807 3145  255  723 2321 43929
        1995-1  885  398  317  270  241 1863  675 1093 739317856 9550 2238 42779
        1996-219116 4909 3607 2774 3549 3034 1770 1074   84  281  325 4533 45057
        1997-1 5733  629  336  151  269 3101 1342 1309 3202 118112354 5576 35184
        1998-26866511280 6300 8999 36581367611168 8809 3285 7755 6735 4925155255
        1999-1 1139  775  319  263  238  496  205  360  643 17604701419618 72830
        2000-220653 5550 4048 4300 2890 3814 6237 2789  148  121 1403 2261 54215
        2001-2 9137 4350 2268  708 1868 3140 2967 1385  153  59212815 1466 40850
        2002-3192901748316961 56871429620252 6510  675    3    0    931391132557
        2003-2 2455 1803  885  375 1175 2814 2068  756  131   24  67217996 31153
        2004-323522152411289311662201708849726963 9979 1330 2350 884172477293925
        2005-212437 4858 3161 5104 4799 98671035411883 6552 532917857 6461 98663
        2006-234640 5093 2246 1540 2025 3389 2835  625   52  5002869111946 93583
        2007-154481  789  412  470  327 2223  309  190   83   91 1568 2131 63075
        2008-219521 3178 2112 2202 26201019511223 6019 8454 616616393 2547 90629
        2009-34486728551197261386424387444693094340799 464910401 564510073278375
        2010-2 2670 2197  869  189  913 2761 6404 1868 1791  49347054 2008 69216
        2011-2 5261 3029 3319 1962 2512 3841 3010 25101231313712 7677 5286 64434
