 
                        09299500 WHITEROCKS RIVER NEAR WHITEROCKS, UT                                   


         YEAR     OCT      NOV      DEC      JAN      FEB      MAR      APR      MAY      JUN      JUL      AUG      SEP       ANN

         1910    8079.    4276.    3773.    4007.    3719.    3622.    9658.   25434.   12474.    8220.    7591.    8906.    99759.
         1919    5060.    2965.    2152.    1845.    1666.    1968.    3219.   15745.    2364.    1466.    1543.    2557.    42550.
         1920    4019.    3342.    2460.    1537.    1726.    3025.    2247.   21784.   30902.    5484.    2763.    1785.    81074.
         1921    1537.     758.     861.     861.     833.             1071.                              10637.    8850.
         1922    4980.    2220.                                                33440.   81960.   18990.   12070.    7210.
         1923                                                                  30830.   54950.   19390.    8480.    5370.
         1924    5181.    3423.                                                10580.    7220.    4485.    3507.    2979.
         1925    2614.    2293.                                        2394.   19287.   15590.    8180.
         1926                                                          4030.                                        4153.
         1927    2955.                                                                  23929.   13097.    8731.   21356.
         1928    4982.    4963.                                                                            4931.    4062.
         1930    6518.    4350.    3003.    2900.    2100.    1997.    2499.   27485.   22965.   10259.   12512.    7140.   103728.
         1931    5927.    3088.    2767.    2152.    1666.    2029.    2424.    8093.    6770.    3201.    3973.    2870.    44960.
         1932    2991.    2390.    2214.    1968.    1716.    1884.    2723.   29845.   25595.   11855.    8031.    4276.    95488.
         1933    3009.    2138.    1537.    1845.    1388.    1462.    1533.    7525.   22471.    9154.    3880.    2549.    58491.
         1934    2267.    1983.    1537.    1353.    1111.    1107.    3396.    6246.    2979.    1379.    4199.    2846.    30403.
         1935    2490.    1990.    1970.    1840.    1670.    1970.    2290.    5960.   33470.    7000.    3970.    3050.    67670.
         1936    2499.    1983.    1972.    1868.    1575.    1630.    2477.   14461.    9729.    7898.    9886.    8221.    64199.
         1937    4220.    3290.    2150.    1840.    1390.    1540.    2910.   35920.   18600.   10970.    8070.    5790.    96690.
         1938    4000.    2250.    1900.    1870.    1660.    1860.    3940.   21720.   35580.   11160.    7220.    7800.   100960.
         1939    9521.    5536.    3074.    2460.    1944.    2152.    4528.   19309.    8313.    4356.    3830.    9661.    74684.
         1940    6611.    3269.    2487.    1980.    1613.    1837.    3951.   12266.    5566.    2987.    2567.    6026.    51160.
         1941    9060.    4660.    2880.    2140.    1750.    2090.    2470.   32130.   35470.   12980.    7560.    5880.   119070.
         1942    8290.    5380.    3610.    2670.    2030.    2200.    3860.   18780.   33820.   12450.    7530.    3910.   104530.
         1943    3304.    2402.    2198.    1853.    1664.    1928.    6520.   16625.   12583.    8961.    7886.    3782.    69706.
         1944    3320.    2640.    2280.    2210.    1660.    1680.    2230.   22030.   49470.   20850.    8310.    3810.   120490.
         1945    3324.    2527.    2198.    2079.    1700.    1906.    2299.   15903.   20618.   11175.    9273.    4979.    77981.
         1946    3749.    2612.    2315.    2128.    1622.    1847.    6430.   10822.    9374.    5952.    4691.    3658.    55200.
         1947    4280.    3530.    2910.    2530.    1960.    2390.    3570.   33160.   25720.   14900.   10690.    5500.   111140.
         1948    4447.    3338.    1845.    1722.    1496.    1759.    2454.   20547.   16090.    7313.    5111.    3289.    69411.
         1949    2520.    2010.    1940.    1720.    1390.    1540.    2940.   19970.   36770.   11400.    7640.    3990.    93830.
         1950    3963.    3098.    2656.    2297.    1932.    2182.    4546.   20836.   27971.   11659.    7410.    4661.    93211.
         1951    2987.    2313.    1974.    1845.    1607.    1577.    1597.   15443.   18591.    8676.   11607.    4772.    72989.
         1952    3640.    2400.    2100.    1910.    1680.    1780.    4250.   30310.   35960.   15400.   13590.    7370.   120390.
         1953    4205.    2368.    2140.    1783.    1569.    1799.    2124.    5802.   23201.    8832.    6369.    3191.    63383.
         1954    2765.    2174.    1686.    1555.    1452.    1628.    3618.   19109.    8029.    6885.    4748.    4233.    57882.
         1955    3612.    2481.    2104.    1962.    1466.    1587.    1862.   13781.   12325.    6791.    7575.    4794.    60340.
         1956    3459.    2303.    2039.    1890.    1599.    1712.    2442.   23415.   14775.    6776.    4036.    2727.    67173.
         1957    2400.    2000.    1770.    1380.    1270.    1600.    1370.    4600.   31750.   13400.   11060.    7600.    80200.
         1958    5869.    4439.    3287.    2287.    1666.    1908.    3138.   30105.   21852.    9003.    4774.    3975.    92303.
         1959    2638.    2156.    1710.    1400.    1228.    1438.    1813.    8815.   14563.    9312.    9441.    6716.    61230.
         1960    4959.    2438.    1741.    1533.    1363.    1628.    3001.   11883.   12899.    8281.    4320.    3499.    57545.
         1961    3197.    2184.    1660.    1422.    1065.    1093.    1440.   11927.   12789.    7323.    7765.   11296.    63161.
         1962    6550.    3730.    2970.    2160.    1820.    1830.    7000.   22080.   34210.   14080.    8860.    4900.   110190.
         1963    3588.    1932.    1513.    1212.    1091.    1291.    1498.   16378.   14592.    9168.    6379.    7194.    65836.
         1964    4830.    2761.    2186.    1855.    1575.    1599.    1829.   19142.   25168.   12220.    9408.    5143.    87716.
         1965    2870.    2030.    2060.    1790.    1440.    1750.    2340.    9710.   46920.   23840.   12180.    8310.   115240.
         1966    5712.    3368.    2640.    2249.    2003.    2297.    5012.   22489.   11169.    9590.    6119.    5314.    77962.
         1967    3770.    2180.    2260.    1870.    1560.    1780.    2160.   18080.   36510.   18930.   11470.    7190.   107760.
         1968    3200.    1940.    1800.    1550.    1490.    1610.    1920.    9340.   49110.   14430.   11320.    7490.   105200.
         1969    3710.    2290.    1900.    1650.    1400.    1550.    3890.   35340.   20660.   13220.   10010.    6130.   101750.
         1970    4508.    2991.    1993.    1597.    1369.    1458.    1607.   16286.   23689.   14348.   10102.    7676.    87624.
         1971    3620.    2320.    2020.    1830.    1580.    1630.    2040.   12410.   32660.   13480.    9240.    5080.    87910.
         1972    3308.    2440.    2241.    1807.    1454.    2285.    2547.   20192.   25930.   10671.    6694.    4687.    84256.
         1973    5140.    3380.    2950.    2220.    1700.    1650.    2390.   24870.   35580.   14110.   10030.    6550.   110570.
         1974    3598.    2632.    2116.    1874.    1585.    1652.    1624.   13829.    7864.    5359.    3759.    3176.    49068.
         1975    2850.    1840.    1500.    1350.    1170.    1310.    1360.    6790.   48690.   32870.    9800.    6100.   115630.
         1976    2949.    1880.    1666.    1363.    1206.    1260.    1567.   18857.   16679.    9451.    6716.    3969.    67563.
         1977    3146.    1976.    1507.    1182.     944.    1168.    2168.    4681.   11712.    5816.    6248.    4655.    45203.
         1978    2878.    1704.    1490.    1295.    1111.    1595.    2134.   10387.   26678.    9818.    6300.    3816.    69206.
         1979    2265.    1710.    1601.    1388.    1101.    1275.    2291.   18541.   13779.    8943.    6442.    3737.    63073.
         1980    2910.    1990.    1730.    1360.    1210.    1250.    2610.   12420.   41080.   12960.    7650.    4910.    92080.
         1981    4479.    2537.    2067.    1690.    1480.    1539.    4320.   16852.   14947.    7452.    7327.    4082.    68772.
         1982    4038.    2737.    2271.    1597.    1408.    1561.    2269.   18768.   27884.   14293.    8327.   10020.    95173.
         1983    9350.    4070.    3070.    2600.    1900.    2110.    2290.   11230.   70080.   28110.   10710.    5760.   151280.
         1984    7039.    3909.    2709.    1892.    2041.    2204.    2888.   25916.   17290.   11119.   14624.    9449.   101080.
         1985    5417.    2767.    1710.    1718.    1561.    1946.    6258.   21304.   12002.   10939.    8128.    9094.    82844.

                        09299500 WHITEROCKS RIVER NEAR WHITEROCKS, UT                                   


         YEAR     OCT      NOV      DEC      JAN      FEB      MAR      APR      MAY      JUN      JUL      AUG      SEP       ANN

         1986    3900.    3120.    2050.    1630.    1940.    2520.    4530.   29000.   43080.   11810.    9450.    5970.   119000.
         1987    5002.    3146.    2878.    2051.    1714.    1787.    3392.   22598.   21846.   11044.    8969.    4604.    89031.
         1988    3076.    2717.    1942.    1432.    1079.    1164.    2241.   10193.    8717.    5925.    4001.    3453.    45940.
         1989    2138.    1716.    1894.    1813.    1377.    1410.    3249.    6601.    6557.    4620.    3979.    3003.    38357.
         1990    2614.    1704.    1440.    1373.    1244.    1416.    2862.   11669.   21364.    8450.    5399.    4681.    64216.
         1991    2822.    1708.    1184.    1091.    1123.    1180.    1807.    9703.   23349.    8170.    9051.    8339.    69527.
         1992    3616.    1809.    1339.    1398.    1428.    1430.    2953.   12918.    9727.    7202.    4415.    4124.    52359.
         1993    2803.    1730.    1813.    1708.    1113.    1412.    2198.   20505.   17853.    9751.    9179.    5240.    75305.
         1994    3295.    2541.    2374.    1591.    1388.    1686.    2688.   13666.    9374.    8436.    5191.    4495.    56725.
         1995    6050.    3800.    2320.    2010.    1600.    2300.    2640.    8280.   59960.   35230.   10130.    7840.   142160.
         1996    3497.    2093.    1605.    1696.    1293.    1452.    2261.   14648.   13438.   11203.    7196.    5115.    65497.
         1997    2985.    2067.    1250.    1325.    1027.    1791.    2755.   24367.   22522.    9235.   10177.   12893.    92394.
         1998    8850.    4260.    3040.    2590.    1990.    2350.    2770.   19890.   44280.   20500.    9430.    8250.   128200.
         1999    6540.    3490.    2740.    2640.    1830.    1920.    2050.   16290.   48320.   11460.    7810.   10560.   115650.
         2000    3174.    2352.    2255.    1874.    1644.    1807.    2969.   16663.   11048.    7991.    5153.    4750.    61680.
         2001    4239.    3461.    2118.    1924.    1601.    1811.    3394.   28508.   18212.   11482.    6906.    3673.    87329.
         2002    2602.    1962.    1640.    1301.    1089.    1375.    1906.    5774.    4895.    3451.    2912.    3509.    32416.
         2003    3199.    2253.    1773.    1438.    1248.    1418.    2301.   15961.   13394.   10548.    5131.    4147.    62811.
         2004    2624.    2015.    1763.    1640.    1337.    2003.    2751.   13010.    9828.    9414.    5595.    4574.    56554.
         2005    4970.    3920.    3460.    2710.    2470.    2740.    4520.   41100.   51230.   22280.   10900.    7720.   158020.
         2006    4009.    2501.    1781.    1726.    1519.    1702.    3170.   21162.    9584.    9667.    6075.    4548.    67444.
         2007    5447.    2509.    1902.    1674.    1230.    1642.    2936.   12266.    6587.    5064.    4169.    4126.    49552.
         2008    6405.    2644.    1936.    1839.    1396.    1426.    1962.   11540.   15320.    9394.    6079.    5032.    64973.
         2009    3176.    2037.    1847.    1987.    1220.    1297.    2079.   20705.   15094.   12377.    7696.    5010.    74525.
         2010    3132.    1926.    1644.    1396.    1172.    1373.    1932.    7783.   27856.   12541.    6222.    3955.    70932.
         2011    3770.    2370.    1740.    1250.    1180.    1270.    2470.   10500.   59460.   36400.   13000.    8990.   142400.
         2012    6056.    3146.    2099.    1781.    1726.    2083.    5046.    9427.    7051.    4643.    4028.    2700.    49786.
         2013    2473.    1676.    1404.    1523.    1115.    1222.    1523.   10354.    9037.    6052.    3047.    4225.    43651.
         2014    3503.    2061.    1991.    1527.    1218.    1309.    1829.    8364.    7129.    4744.

         MEAN    4182.    2686.    2113.    1817.    1522.    1741.    2906.   17296.   23409.   11098.    7408.    5649.    80947.

          PCT    5.17%    3.32%    2.61%    2.24%    1.88%    2.15%    3.59%   21.37%   28.92%   13.71%    9.15%    6.98%   100.00%

           SD    1724.     890.     560.     459.     382.     424.    1390.    8124.   15988.    6439.    2832.    2757.    27581.

           CV     0.41     0.33     0.26     0.25     0.25     0.24     0.48     0.47     0.68     0.58     0.38     0.49      0.34

           FILE: 09299500.mon              

              Critical (Driest) Period Analysis
              ---------------------------------

                1 Year Period 1934-1934

         MEAN    2267.    1983.    1537.    1353.    1111.    1107.    3396.    6246.    2979.    1379.    4199.    2846.    30403.

                3 Year Period 1988-1990

         MEAN    2609.    2046.    1759.    1539.    1233.    1330.    2784.    9488.   12213.    6332.    4460.    3712.    49504.

                5 Year Period 1988-1992

         MEAN    2853.    1931.    1560.    1421.    1250.    1320.    2622.   10217.   13943.    6873.    5369.    4720.    54080.

               10 Year Period 1931-1940

         MEAN    4354.    2792.    2161.    1918.    1573.    1747.    3017.   16134.   16907.    6996.    5563.    5309.    68471.



              ERROR CHECK


         ERROR 1921**********
         ERROR 1922**********
         ERROR 1923**********
         ERROR 1924**********
         ERROR 1925**********
         ERROR 1926**********
         ERROR 1927**********
         ERROR 1928**********
         ERROR 2014**********

         Years not in Sequence, Duplicated or Missing
         Years as They Appear in File:
          1910 1919 1920 1921 1922 1923 1924 1925 1926 1927 1928 1930 1931 1932 1933
          1934 1935 1936 1937 1938 1939 1940 1941 1942 1943 1944 1945 1946 1947 1948
          1949 1950 1951 1952 1953 1954 1955 1956 1957 1958 1959 1960 1961 1962 1963
          1964 1965 1966 1967 1968 1969 1970 1971 1972 1973 1974 1975 1976 1977 1978
          1979 1980 1981 1982 1983 1984 1985 1986 1987 1988 1989 1990 1991 1992 1993
          1994 1995 1996 1997 1998 1999 2000 2001 2002 2003 2004 2005 2006 2007 2008
          2009 2010 2011 2012 2013 2014
2   MISSING   YEAR GROUPS
          1911-1918 1929-1929
