 
                        09306500 WHITE RIVER NEAR WATSON, UTAH                                          


         YEAR     OCT      NOV      DEC      JAN      FEB      MAR      APR      MAY      JUN      JUL      AUG      SEP       ANN

         1923                                                         49740.  119240.  110760.   52630.   47910.   29370.
         1924   35140.   30200.   29400.   27050.   24160.   28280.   31540.   88170.  110680.   26860.   21420.   21380.   474280.
         1925   24290.   22660.   22440.   21520.   22490.   36280.   56950.  100460.   91240.   59360.   38890.   43080.   539660.
         1926   47420.   37220.   36890.   35660.   32210.   40580.   62830.  121450.  134940.   59770.   38730.   21060.   668760.
         1927   35730.   24160.   24900.   24600.   30550.   52820.   30980.   97370.  105860.   53150.   34740.   36770.   551630.
         1928   33680.   32680.   27670.   25820.   24160.   46120.   47110.  185040.  118610.   67940.   49360.   38060.   696250.
         1929   54850.   39190.   24600.   27670.   24990.   70710.  146720.  217490.  239110.  179720.  117750.  114070.  1256870.
         1930   63250.   42410.   30740.   23370.   31100.   36890.   74310.   73770.  107920.   36050.   54960.   29870.   604640.
         1931   29920.   23190.   14140.   17830.   20830.   32280.   40280.   64270.   61340.   17470.   21590.   22510.   365650.
         1932   25730.   23350.   26130.   25820.   26460.   43660.   47370.  129440.  112960.   60230.   45810.   27730.   594690.
         1933   27660.   25450.   26130.   24900.   26940.   42120.   49980.   71050.  160280.   33950.   27860.   22000.   538320.
         1934   23760.   26220.   25330.   24600.   29940.   25680.   34090.   42320.   13480.    6700.   12140.   16500.   280760.
         1935   17310.   17060.   19980.   20870.   20670.   23860.   23300.   63140.  123770.   32320.   18310.   21810.   402400.
         1936   20030.   22270.   20320.   22380.   21150.   23840.   39910.  121490.   91640.   37010.   29470.   22130.   471640.
         1937   23110.   19530.   17620.    9840.   16110.   31730.   22020.   82640.   59380.   54600.   23220.   32210.   392010.
         1938   28290.   19340.   16900.   17510.   20720.   41770.   43270.  124430.  155130.   49440.   31380.   51260.   599440.
         1939   29020.   20130.   18100.   20110.   20000.   72580.   40410.   93000.   69930.   19120.   18880.   27130.   448410.
         1940   26500.   22300.   20400.   20950.   21190.   24980.   36950.  100490.   57500.   17430.   14540.   24410.   387640.
         1941   30430.   22000.   18170.   18190.   22220.   31400.   33580.  156100.  117660.   40340.   32780.   28680.   551550.
         1942   44040.   28660.   23850.   22680.   22080.   43400.  107030.  158460.  143740.   44460.   26600.   22920.   687920.
         1943   28980.   27410.   22650.   21250.   24070.   33090.   40170.   56020.   87170.   30970.   44250.   19860.   435890.
         1944   21280.   23000.   21340.   18810.   21400.   32170.   28520.   94230.  111650.   39800.   18370.   15140.   445710.
         1945   19300.   20100.   19980.   25490.   25620.   28090.   29580.  108130.  105180.   56890.   37540.   23480.   499380.
         1946   24800.   26600.   20500.   22100.   20690.   30310.   43430.   68080.   66720.   20970.   29300.   20840.   394340.
         1947   27590.   24430.   22960.   16610.   19450.   42600.   35160.  139930.  116030.   60850.   37290.   26270.   569170.
         1948   33720.   27880.   27050.   23440.   21240.   38100.   58850.  128250.   91450.   31390.   27770.   18780.   527920.
         1949   23820.   22470.   19300.   15010.   13690.   38840.   44420.  105940.  158500.   72810.   30510.   28150.   573460.
         1950   33680.   26090.   20880.   20420.   17390.   29870.   33300.   63140.  119960.   37810.   20260.   23960.   446760.
         1951   24730.   23460.   22530.   18140.   23520.   26840.   26130.   79040.  112400.   51130.   38650.   21240.   467810.
         1952   25110.   22750.   20990.   20120.   19300.   20650.   77080.  148720.  209950.   50320.   46150.   33210.   694350.
         1953   25800.   21840.   26280.   24690.   23250.   35480.   29670.   70190.  134390.   32800.   34390.   17110.   475890.
         1954   21140.   24140.   21350.   22670.   25570.   24460.   34500.   68780.   31900.   18260.   13330.   34520.   340620.
         1955   26490.   20010.   17970.   15950.   18760.   46620.   31070.   87010.   75640.   15520.   20550.   12370.   387960.
         1956   20360.   21520.   21260.   20140.   19430.   43580.   33200.   98650.   84930.   21950.   21230.   12900.   419150.
         1957   19300.   20550.   18130.   21480.   22180.   30560.   29360.   76340.  217860.  168830.   67010.   36500.   728100.
         1958   32830.   33180.   28350.   23930.   35390.   35260.   45170.  148250.  131500.   33580.   21840.   25460.   594740.
         1959   27390.   24540.   22040.   23490.   20820.   23550.   30370.   63890.   96360.   29880.   29430.   24090.   415850.
         1960   28240.   22700.   20260.   16720.   19460.   35110.   40460.   69080.   94730.   21400.   13950.   18870.   400980.
         1961   21220.   21330.   18850.   18600.   19300.   22820.   21880.   64690.   64680.   15960.   18450.   37960.   345740.
         1962   38260.   25760.   23030.   20750.   37220.   66370.   84900.  138370.  127740.   58830.   25360.   21030.   667620.
         1963   27930.   25240.   21340.   20330.   23760.   23890.   28970.   71200.   30570.   11660.   25370.   26760.   337020.
         1964   14920.   19280.   15530.   17060.   18760.   26040.   30320.   84210.   99350.   30220.   24680.   15700.   396070.
         1965   20060.   20350.   21540.   23350.   22390.   33460.   35100.   98050.  157690.   69380.   31910.   32520.   565800.
         1966   33560.   27800.   26580.   24340.   20690.   62360.   32210.   71560.   25600.    9920.   16330.   13800.   364750.
         1967   23140.   17630.   18660.   18070.   17650.   28700.   24300.   69420.  101820.   30530.   16760.   19480.   386160.
         1968   21870.   19770.   18190.   17910.   20230.   24530.   28570.   71450.  149340.   36960.   42590.   21540.   472950.
         1969   25850.   23740.   25920.   23480.   19380.   32750.   52420.  115810.   74590.   33400.   24690.   29650.   481680.
         1970   32890.   27040.   24450.   25970.   24610.   25230.   26990.  123400.  141180.   51920.   31800.   28970.   564450.
         1971   32540.   27980.   25780.   26450.   21630.   35770.   42980.   86030.  135190.   47230.   20190.   29200.   530970.
         1972   27670.   28630.   24340.   24320.   22160.   26130.   30230.   71690.  108080.   22360.   15610.   21530.   422750.
         1973   29590.   25790.   25420.   26760.   21300.   32820.   28140.  128620.  136940.   56090.   28080.   25950.   565500.
         1974   29320.   26980.   24970.   24490.   18600.   42240.   43770.  127640.   99470.   36530.   22930.   18530.   515470.
         1975   26950.   25250.   18670.   20810.   21080.   32110.   28960.   75960.  158920.   93690.   30580.   25830.   558810.
         1976   27790.   24980.   18210.   16420.   25750.   33610.   30960.   87190.   71610.   22380.   20670.   17170.   396740.
         1977   23625.   20452.   17970.   19706.   19428.   24331.   24514.   23629.   15673.    8565.   12686.   12575.   223154.
         1978   16540.   18490.   17040.   18430.   17010.   28090.   35930.   93070.  174590.   66170.   23440.   23500.   532300.
         1979   23160.   23460.   23900.   18960.   15700.   31570.   43280.  117040.  148760.   61200.   29170.   18790.   554990.
         1980
         1986   46900.   40220.   22630.   35000.   78550.   44310.   80630.  151990.  181880.   94130.   46140.   38150.   860530.
         1987   47070.   39040.   32670.   27820.   35930.   45870.   64110.  123110.   67080.   33410.   36350.   23140.   575600.
         1988   28850.   29810.   27450.   34880.   49810.   48450.   48990.  103000.   99680.   33290.   22040.   23060.   549310.
         1989   26930.   27630.   19610.   21190.   23730.   46160.   46170.   58910.   52150.   20790.   22760.   15020.   381050.
         1990   22290.   23850.   19010.   20130.   26080.   30500.   27360.   31590.   61520.   22030.   11200.   13550.   309110.
         1991   24770.   22640.   17750.   18160.   20600.   27210.   26840.   81180.   97110.   34750.   25780.   21450.   418240.
         1992   21740.   31500.   19810.   18020.   26590.   38870.   35070.   78030.   39390.   30480.   18100.   21610.   379210.
         1993   21600.   23260.   18100.   18360.   19650.   43150.   48290.  157980.  161830.   66060.   30410.   24070.   632760.
         1994   30790.   25470.   22400.   19550.   18640.   25660.   29530.   49080.   31670.   11590.    8710.   13570.   286660.

                        09306500 WHITE RIVER NEAR WATSON, UTAH                                          


         YEAR     OCT      NOV      DEC      JAN      FEB      MAR      APR      MAY      JUN      JUL      AUG      SEP       ANN

         1995   22340.   16620.   10820.   11150.   23140.   23140.   26800.   93330.  198350.  149610.   37410.   30740.   643450.
         1996   33780.   28870.   24390.   24180.   23940.   30160.   48250.  118210.  108140.   43420.   22050.   23750.   529140.
         1997   30840.   32330.   27870.   24750.   22570.   47630.   42380.  131270.  168610.   57100.   50470.   67540.   703360.
         1998   56580.   42600.   34430.   25390.   29290.   48040.   75290.  185300.  149550.   76630.   38480.   27060.   788640.
         1999   39050.   33430.   31580.   28800.   25640.   34250.   39840.   99970.  124300.   43920.   33440.   24970.   559190.
         2000   27160.   26740.   24840.   28080.   24070.   26770.   38460.   95460.   62290.   17570.   12370.   20810.   404620.
         2001   24600.   19990.   18520.   20300.   21140.   29940.   32400.   94520.   59480.   22650.   18050.   15720.   377310.
         2002   23429.   20223.   14582.   19325.   18262.   26670.   31214.   27531.   11131.    4497.    6190.   12327.   215381.
         2003   19530.   18570.   13760.   21810.   20030.   23860.   27390.   83670.  111310.   22010.   10430.   18180.   390550.
         2004   18540.   21480.   19660.   15360.   17690.   23170.   31690.   63550.   43110.   19970.    9160.   14590.   297970.
         2005   23380.   23170.   20060.   30360.   19400.   23240.   37560.   97520.  128570.   45250.   24440.   19500.   492450.
         2006   29790.   25400.   28280.   27840.   22030.   28620.   56450.  128530.   79500.   29970.   22430.   22560.   501400.
         2007   39300.   27330.   20340.   16060.   16210.   37080.   48250.   84660.   45730.   20620.   16940.   18790.   391310.
         2008   28470.   20370.   15070.   14860.   14600.   22330.   35000.  108590.  150590.   58330.   27480.   22420.   518110.
         2009   26920.   25110.   21340.   16760.   23930.   28200.   36860.  133980.  107440.   43010.   16230.   17850.   497630.
         2010   26680.   23750.   13440.   18300.   19960.   29910.   43100.   73040.  100140.   24040.   23170.   12050.   407580.
         2011   22330.   24650.   24670.   25090.   26640.   40880.   42320.  102910.  259640.  165800.   45410.   30240.   810580.
         2012   36010.   33140.   27040.   25800.   22480.   30540.   39870.   34380.   13510.   12870.   11100.   10200.   296940.
         2013   19170.   20640.   11360.                              18510.   65750.

         MEAN   28577.   25339.   22017.   21872.   23451.   34718.   41669.   97171.  106759.   44173.   28169.   25108.   499176.

          PCT    5.72%    5.08%    4.41%    4.38%    4.70%    6.96%    8.35%   19.47%   21.39%    8.85%    5.64%    5.03%   100.00%

           SD    8854.    5638.    4951.    4784.    8154.   10850.   19278.   36446.   51215.   33633.   15417.   13294.   155649.

           CV     0.31     0.22     0.22     0.22     0.35     0.31     0.46     0.38     0.48     0.76     0.55     0.53      0.31

           FILE: o:\streamfl\month\09306500

              Critical (Driest) Period Analysis
              ---------------------------------

                1 Year Period 2002-2002

         MEAN   23429.   20223.   14582.   19325.   18262.   26670.   31214.   27531.   11131.    4497.    6190.   12327.   215381.

                3 Year Period 2002-2004

         MEAN   20500.   20091.   16001.   18832.   18661.   24567.   30098.   58250.   55184.   15492.    8593.   15032.   301300.

                5 Year Period 2000-2004

         MEAN   22652.   21401.   18272.   20975.   20238.   26082.   32231.   72946.   57464.   17339.   11240.   16325.   337166.

               10 Year Period 2000-2009

         MEAN   26112.   22838.   19645.   21076.   19736.   26988.   37527.   91801.   79915.   28388.   16372.   18275.   408673.



              ERROR CHECK


         ERROR 1923**********
         ERROR 1980**********
         ERROR 2013**********

         Years not in Sequence, Duplicated or Missing
         Years as They Appear in File:
          1923 1924 1925 1926 1927 1928 1929 1930 1931 1932 1933 1934 1935 1936 1937
          1938 1939 1940 1941 1942 1943 1944 1945 1946 1947 1948 1949 1950 1951 1952
          1953 1954 1955 1956 1957 1958 1959 1960 1961 1962 1963 1964 1965 1966 1967
          1968 1969 1970 1971 1972 1973 1974 1975 1976 1977 1978 1979 1980 1986 1987
          1988 1989 1990 1991 1992 1993 1994 1995 1996 1997 1998 1999 2000 2001 2002
          2003 2004 2005 2006 2007 2008 2009 2010 2011 2012 2013
1   MISSING   YEAR GROUPS
          1981-1985
