10146000 SALT CREEK AT NEPHI, UT                                                
        1951 2              7    7    7    8   19   36   28   11    8    5      
        1952 0  568  491  459  525  586  8171025516965 7849 4354 3130 1956      
        1953-115970117001006010000 8690117402108035090440901985013110 6810      
        1954-1 7815 7874 7577 6750 6307 8430194382661814221 9005 5435 6155      
        1955-1 5681 5770 5395 4852 4616 599611837289782084610374 7640 4685      
        1956-1 3980 4460 5840 7440 560011310201103400023210 9720 8030 5540      
        1957-1 4980 5180 5360 5050 5200 7850227106264065040261401420010250      
        1958-110310 9800 9460 8650 9340117203769088460452602021012540 8270      
        1959-1 7914 7656 7676 6543 6407 7359 98781555015312 6823 5332 4290      
        1960-1 4306 4499 4715 4493 3866 6823191213141824972 8826 5199 4306      
        1961-2435805016048240478803594043260415509786083050438903771037860      
        1962-1 3290 3600 3570 4000 6890100906111055240433601964010160 9000      
        1963-1 9480 7580 6950 6500 6630 664012120416902507010310 7900 7000      
        1964-1 4660 5410 4600 4170 4310 4790 9220511503193015070 7280 5970      
        1965-1 5540 6090 6230 7440 6470 79302793048000446302588013470 9860      
        1966-1 7954 7676 7549 6962 614710195197753056514499 6611 5693 4655      
        1967-1 5190 5360 6190 5270 5550 881012870345504007020550 8530 7420      
        1968-1 6510 5490 5210 4910 6850103902227051430490302003016130 8410      
        1969-1 9660 8610 7950 8630 776011480725008735042110205301325010570      
        1970-111050 9940 940010450 9520 95001351049030462302406010550 9700      
        1971-1 8590 7930 7830 707010310147803568043380445502049011840 9900      
        1972-110731 7914 8640 7934 724012119128532035018268 6643 4667 4903      
        1973 0  556  519  493  507  565  849 345910822 5468 2311 1273 1073      
        1974-1 9100 7970 7740 7080 6380 984020390399902600012140 5770 4820      
        1975-1 5140 4820 4680 4890 4620 6460 994065080678903719012600 8070      
        1976-1 8690 7620 7400 6650 6700 8070137503324019720 8730 5380 4090      
        1977-2446304473039970393703919042900466507656095110671605038032330      
        1978-1 2810 3090 3350 3700 4880132104893076760610302588011350 9900      
        1979-1 8690 8010 7400 6910 6230 936032470587903215014600 9860 7660      
        1980 0  708  574  607  763  928 1307 767813192 6914 3757 2146 1710      
        1981-1 5214 5294 5573 5094 4562 799917663380371885312782 7172 5690      
        1982-1 5916 4854 4824 4573 771116940490795677221249203101065718800      
        1983 0 1211  808  767  706 1007 3128 9052325832671712321 3256 2861      
        1984 0 1596 1089 1196  778  977 3315127923500716034 9196 4437 3015      
        1985 0 1862 1074 1030  789  973 546014749 6140 3013 4614 1705 1455      
        1986 0  904  898  809  830 1302 271210821 7513 3512 3995 1949 1892      
        1987-111426 7849 7226 6541 8573170812075134757225452235911263 9318      
        1988-1 5693 5221 4400 3644 41861447618551326672146216894 9019 7343      
        1989-1 4485 4241 4027 3998 428611075104232255717317 9635 6622 5529      
        1990-1 3953 3660 3164 3475 2694 8246101362105316167 6518 4528 4361      
        1991-1 3456 3425 2977 3087 2745 2221 90332409215529 8828 4884 4361      
        1992-1 3613 3529 3035 3106 2707 2060 52361772413588 2052 2136 3008      
        1993-1 3441 3157 2756 3052 2902 8931 66783171617614 8388 3632 3745      
        1994-1 3239 3334 2251 2733 3741 3560 667013501 6022 4235 5084 4350      
        1995-1 5220 5110 4550 3240 2630 969012500558006347036260 8470 8550      
        1996-1 6520 4860 4870 4360 4550 7540253904639029000 9640 7930 7120      
        1997-1 4640 4720 4380 4600 42701900036260651603513010250 7910 6460      
        1998-1 5230 4600 4330 4310 40201350038940791806192031120 8670 8450      
        1999-1 5400 5110 4420 4640 3680 3990 79303376026120 7580 6330 7200      
        2000-1 3733 3336 3691 4054 4104 4530 910216324 7160 4826 4487 4653      
        2001-1 4310 4074 3400 3308 3037 3300 563314598 8325 4834 3997 3193      
        2002-2374303665033280392503368039610453406298045660451602941028580      
        2003-1 2485 2646 2188 3671 3608 3709 39971400711028 5885 4134 3425      
        2004-1 3275 3784 4009 3947 3394 6246112461822811702 5619 4735 3465      
        2005 0  367  281  419  649  430  682 271910895 6490 2606  948  748      
        2006-1 5620 5010 3130 3010 2540 4740675008676032170 7390 4950 4820      
        2007-2343503582039070383603905045460538707341046230556605649049650      
        2008-1 3370 4011 2186 2654 2836 3306 84952263120033 6258 6722 5568      
        2009-1 3310 3290 2880 4170 4120 6480256706307024260 8820 6150 4970      
        2010-1 2999 3039 3225 3610 4582 606318129179312911710017 4965 4695      
        2011-1 3040 3710 3920 6790 5330 65903685069740788004015011780 8270      
        2012 1   55   38   31   30   54   43                                    
