10154200 PROVO RIVER NEAR WOODLAND, UT                    Acre-Feet                         60     3 MEAN VALUE FOR EACH DAY
        1963 0                                                   7218 5568      
        1964 1  361  351  313  272  236  283  518 5446 6323 2151  854  432 17540
        1965 1  346  332  346  364  290  346 1051 4815 7731 4049 1569  673 21912
        1966 1  537  391  366  342  296  447 1469 5498 2128  741  426  317 12958
        1967 1  393  366  372  363  333  469  770 4351 7038 2957 1101  613 19126
        1968 1  441  371  393  374  339  421  746 3637 6153 1720 1095  573 16263
        1969 1  392  343  315  323  309  341 1369 5862 2896 1467  791  453 14861
        1970 1  372  330  297  309  312  357  500 5115 5074 1408  635  625 15334
        1971 1  426  433  440  521  407  511 1789 4735 5317 1955  804  563 17901
        1972 1  494  459  432  418  377  726 1226 5948 5295 1141  592  378 17486
        1973 1  604  506  463  417  361  407  713 5424 3797 1488  880  746 15806
        1974 1  501  471  426  436  349  554  962 6287 4692 1410  662  446 17196
        1975 1  398  352  338  333  310  358  413 2827 8049 3493 1215  641 18727
        1976 1  488  390  397  370  347  392  879 5158 3044  839  537  341 13182
        1977 1  310  269  236  225  223  255  623  788 1181  440  402  213  5165
        1978 1  256  268  276  281  271  469 1324 4539 6359 1618  548  440 16649
        1979 1  324  298  314  307  270  318  802 5758 3492  968  649  274 13774
        1980 1  290  279  283  320  301  325 1400 4118 5336 1704  729  472 15557
        1981 1  406  367  350  296  292  314 1359 3574 2774  749  488  401 11370
        1982 1  511  470  444  415  345  431 1047 5726 6079 2437 1137  986 20028
        1983 1  952  582  514  463  405  514  677 3331 8604 2161 1203  923 20329
        1984 1  659  559  598  535  435  456  962 7013 5412 1746 1038  669 20082
        1985 1  589  545  515  450  367  456 2199 5477 2805 1113  552  478 15546
        1986 1  546  580  552  495  532 1215 2117 5872 8953 2501 1341  685 25389
        1987 1  709  539  450  453  419  420 1717 4983 2242  795  522  380 13629
        1988 1  341  356  377  381  308  404 1297 4100 1800  587  415  225 10591
        1989 1  254  277  290  304  288  484 2095 4587 2463  651  372  245 12310
        1990 1  297  283  285  271  253  415 1475 3139 4210  844  281  235 11988
        1991 1  364  382  288  280  256  315  716 3851 4842  799  416  577 13086
        1992 1  380  384  312  268  247  372 1200 2696  672  286  164  172  7153
        1993 1  278  252  255  286  250  513 1090 7706 6844 2306  901  646 21327
        1994 1  583  292  298  288  252  372 1308 4402 1525  462  292  225 10299
        1995 1  592  440  383  323  353  727  972 3435 9838 4489  926  516 22994
        1996 1  445  425  390  397  400  615 1465 6763 5874 1173  610  493 19050
        1997 1  387  441  474  491  409  634 1423 8291 6329 1214  885  691 21669
        1998 1  625  520  467  475  407  569 1081 5283 5884 2439 1004  714 19468
        1999 1  605  506  429  425  424  617  998 5051 6494 1526  600  535 18210
        2000 1  489  416  365  384  352  415 1431 6286 1788  461  392  303 13082
        2001 1  378  376  401  379  311  441 1122 5876 1015  445  304  181 11229
        2002 1  222  279  303  283  249  308 1084 3968 1406  334  286  265  8987
        2003 1  426  366  360  329  251  354 1055 5172 2114  437  376  313 11553
        2004 0 2989 3277 3001                                                   
