 
                        10184000 TROPIC AND EF CANAL NEAR TROPIC, UTAH                                  


         YEAR     OCT      NOV      DEC      JAN      FEB      MAR      APR      MAY      JUN      JUL      AUG      SEP       ANN

         1950                                                         138.00  1132.60  1110.70   612.50   650.40   263.20
         1951    68.00                                                         691.00   837.00   426.80   289.20    84.30
         1952    42.40                                                         975.90  1060.40  1168.30   999.30   737.90
         1953   301.50                                                         286.60   549.20   454.80   177.50   107.30
         1954     1.00                                                         726.00   720.20   490.30   104.30   136.30
         1955   103.90                                                         518.50   391.90   346.70   256.50   437.00
         1956    62.50                                                         295.70   359.80     0.20     3.80   211.80
         1957     0.60                                                         487.70   736.90   818.20   394.50    52.20
         1958   260.40     0.80                                         4.00   666.80  1384.50  1225.80  1051.20   294.90
         1959    18.60                                                180.10   665.30   674.20   488.10    21.00   424.50
         1960   154.50                                                  0.60   336.20   452.40   117.40
         1961     0.00     0.00     0.00     0.00     0.00     0.00    21.60   530.80   679.50   243.40    62.90   228.90   1767.10

         MEAN    92.13     0.40     0.00     0.00     0.00     0.00    68.86   609.42   746.39   532.71   364.60   270.75   1767.10

          PCT    5.21%    0.02%    0.00%    0.00%    0.00%    0.00%    3.90%   34.49%   42.24%   30.15%   20.63%   15.32%   100.00%

           SD   105.21     0.57     0.00     0.00     0.00     0.00    84.05   259.59   310.07   377.51   376.33   200.67      0.00

           CV     1.14     1.41     0.00     0.00     0.00     0.00     1.22     0.43     0.42     0.71     1.03     0.74      0.00

           FILE: o:\streamfl\month\10184000

              Critical (Driest) Period Analysis
              ---------------------------------

                1 Year Period 1961-1961

         MEAN     0.00     0.00     0.00     0.00     0.00     0.00    21.60   530.80   679.50   243.40    62.90   228.90   1767.10

                3 Year Period 1961-1961

         MEAN     0.00     0.00     0.00     0.00     0.00     0.00    21.60   530.80   679.50   243.40    62.90   228.90**********

                5 Year Period 1961-1961

         MEAN     0.00     0.00     0.00     0.00     0.00     0.00    21.60   530.80   679.50   243.40    62.90   228.90**********

               10 Year Period 1961-1961

         MEAN     0.00     0.00     0.00     0.00     0.00     0.00    21.60   530.80   679.50   243.40    62.90   228.90**********



              ERROR CHECK


         ERROR 1950**********
         ERROR 1951**********
         ERROR 1952**********
         ERROR 1953**********
         ERROR 1954**********
         ERROR 1955**********
         ERROR 1956**********
         ERROR 1957**********
         ERROR 1958**********
         ERROR 1959**********
         ERROR 1960**********
