 
                        10180000 SEVIER RIVER NEAR CIRCLEVILLE, UT                                      


         YEAR     OCT      NOV      DEC      JAN      FEB      MAR      APR      MAY      JUN      JUL      AUG      SEP       ANN

         1912                                                                  20509.   23199.    9685.    7886.    6865.
         1914                                                                  21826.   12778.             9433.    7016.
         1915    8850.    8450.    9620.    9000.    8700.   11540.   19750.   36040.   24380.    8220.    5930.   10890.   161370.
         1916    6680.    9420.    9960.   10090.   11080.   16960.   30910.   40420.   20360.   15160.   20440.    8690.   200170.
         1917   18650.   11890.   10990.    8640.    8890.   12620.   19010.   35430.   35050.    9840.    9970.    9160.   190140.
         1918    8394.    9810.   11121.    9717.    9346.   14021.   12700.   19057.    6686.    9166.    5127.    7192.   122337.
         1919    7139.    8707.    9076.    6466.    7359.   14301.   22116.   14297.    5593.    4635.    5693.    5762.   111144.
         1920    5730.    7520.    6290.    7680.    7440.    9840.   13500.   47630.   32020.    8500.    9460.    8200.   163810.
         1921    8727.   11141.    9759.    8608.   12272.   17022.   14501.   25577.   22149.   11397.   14473.   10336.   165962.
         1922    8760.    9970.   11930.    9260.    8510.   18250.   22030.   79140.   61780.   22240.   16010.   12710.   280590.
         1923
         1924    9195.   10284.    9759.    7993.   10066.    9822.   13053.   12143.    3068.    3947.    4050.    5810.    99190.
         1925    5294.                                                 8527.    9594.    4187.    4280.    5576.   10443.
         1926    9604.                                                11256.   18795.    5589.    3727.    5355.    3860.
         1927    4973.    6177.                               7468.    8963.    9624.    3721.    2007.
         1950    7993.    8069.    7430.    6599.    8253.    7769.    5976.   10259.    5966.    4875.    3558.    4562.    81309.
         1951    4304.    6785.    7666.    7087.    6385.    5849.    2918.    5048.    2949.    3118.    3221.    2297.    57627.
         1952    3170.    5370.    5310.    5360.    5730.    8200.   16030.   36790.   23180.    9310.    7100.    6730.   132280.
         1953    6252.    7789.    9168.    8848.    7359.    7388.    3699.    2936.    2664.    4054.    4770.    3001.    67928.
         1954    3921.    6232.    6934.    5726.    6355.    6914.    7265.   12853.    3949.    2636.    2362.    3086.    68233.
         1955    3285.    5207.    6303.    5693.    4998.   10088.    4497.    4136.    1894.    1394.    3140.    1722.    52357.
         1956    2331.    4167.    5869.    5635.    5070.    5363.    2458.    6405.    2444.    1954.    1851.    1741.    45288.
         1957    2356.    4066.    5468.    5451.    5699.    4227.    3059.    4725.   15907.    4905.    2775.    3094.    61732.
         1958    5570.    8170.    7590.    6250.    9850.   10980.   17320.   33670.   20550.    6180.    5390.    8960.   140480.
         1959    6938.    7414.    8083.    7398.    6480.    7555.    4381.    2354.    1745.    1674.    3420.    2448.    59890.
         1960    3142.    4397.    5768.    5548.    5439.    7164.    4247.    4017.    1478.    1406.    1527.    2190.    46323.
         1961    3209.    4707.    5310.    5171.    5274.    6454.    5762.    4385.    1642.    1521.    3368.    6343.    53146.
         1962    2922.    4522.    5677.    5058.    8688.   11028.   18369.   18286.    7273.    3231.    2644.    3779.    91477.
         1963    5266.    6327.    6212.    4645.    7099.    6117.    3576.    5349.    1825.    1599.    2713.    3779.    54507.
         1964    2654.    4429.    6214.    4992.    4939.    5185.    6629.    9626.    4733.    1912.    2880.    2104.    56297.
         1965    3031.    4360.    6422.    5526.    5633.    5718.    5238.   11931.   19898.    7942.    3969.    5238.    84906.
         1966    5195.    7660.    7902.    6476.    5774.   12240.    9846.   13670.    3864.    2906.    3239.    3689.    82461.
         1967    6516.    7049.    8539.    6972.    6799.    7855.    4522.   11222.   19476.    8368.    5068.   11219.   103605.
         1968    8803.    6377.    5353.    5262.    5119.    4998.    9130.   17915.   15755.    7291.    8297.    5153.    99453.
         1969    7080.    7910.    6980.    7120.    6780.    7340.   13680.   41940.   26810.   10790.    9860.    8870.   155160.
         1970    8783.   10300.    9618.    8836.    7847.    7674.    5121.    4447.    4054.    3580.    4175.    4290.    78725.
         1971    5167.    7353.    7089.    6821.    5123.    6770.    3707.    4493.    5821.    2640.    6071.    4554.    65609.
         1972    5076.    7634.   12109.    6823.    6770.    6387.    3402.    5413.    3993.    2400.    2834.    4009.    66850.
         1973    7350.    7820.    6150.    6940.    7040.    8820.   12730.   38890.   31440.    9600.    8130.    7220.   152130.
         1974    9348.    9009.   10155.    8727.    7075.    9777.    6738.    4054.    2164.    2967.    2648.    2858.    75520.
         1975    4334.    6179.    6339.    5901.    5683.    7164.    4437.    7182.   13254.    5453.    4159.    3959.    74044.
         1976    6061.    7083.    7123.    6541.    6476.    6908.    5562.    9372.    3953.    3900.    2537.    2781.    68297.
         1977    5950.    6264.    5514.    5512.    5907.    5377.    2535.    2178.    1970.    2194.    2118.    2057.    47576.
         1978    3308.    4806.    5387.    5322.    5103.    5875.    5111.   14138.   16201.    3820.    2370.    2692.    74133.
         1979    3920.    7070.    7150.    7030.    6680.   11170.   16640.   36100.   33680.   11060.    8020.    6170.   154690.
         1980    8000.    9530.    9740.   10300.   11030.   10200.   17650.   42620.   38800.   16220.    9290.    9990.   193370.
         1981    9866.   10520.   10485.    9741.    8190.    8489.    7123.   10879.    6111.    4001.    5220.    6024.    96649.
         1982    7785.    8771.    8344.    8580.    8842.    8707.    9168.   20366.   13325.    6188.    8031.    7416.   115523.
         1983    9380.    9580.    8420.    9060.    9310.   11830.   13000.   47350.   70970.   25800.   18120.   10870.   243690.
         1984   14307.   13129.   13904.   11349.   10264.   12034.   14537.   28207.    7888.    8160.   13075.    5933.   152787.
         1985    8826.    9628.    9525.    8654.    7789.   10346.   18347.   26263.   10750.    9072.    5776.    6216.   131192.
         1986    9380.    9636.    8977.    8543.    9971.    8878.    8719.   14882.    8255.    5115.    5820.    5421.   103597.
         1987    8182.    8114.    9005.    7995.    7938.   10788.   10169.   12482.    5929.    4707.    7083.    4169.    96561.
         1988    6270.    9606.    8273.    8243.    8582.   10019.   11183.   18970.   11839.    6024.    6419.    4967.   110395.
         1989    5683.    7583.    7523.    6034.    5522.    7317.    5058.    2884.    2231.    2624.    3031.    2642.    58132.
         1990    2973.    5201.    6190.    5929.    5254.    5946.    3332.    3302.    2095.    2102.    1972.    2519.    46815.
         1991    2930.    5552.    5623.    5389.    5270.    4984.    2759.    4084.    5044.    2077.    2362.    2707.    48781.
         1992    3011.    5873.    5984.    4514.    5583.    6337.    4614.   10965.    4758.    2138.    3277.    2672.    59726.
         1993    3570.    6500.    6610.    6730.    7160.   12680.   20570.   45900.   29150.    9710.    7410.    5720.   161710.
         1994    8198.    9818.    9618.    9459.    8888.   10826.    6036.    7682.    4308.    2501.    3185.    3457.    83976.
         1995    6180.    7000.    7760.    7790.    7620.   11590.   11340.   29580.   44320.   21770.    8630.    7880.   171460.

         MEAN    6375.    7570.    7915.    7182.    7315.    9057.    9905.   18338.   13781.    6368.    5971.    5528.   105838.

                        10180000 SEVIER RIVER NEAR CIRCLEVILLE, UT                                      


         YEAR     OCT      NOV      DEC      JAN      FEB      MAR      APR      MAY      JUN      JUL      AUG      SEP       ANN


          PCT    6.02%    7.15%    7.48%    6.79%    6.91%    8.56%    9.36%   17.33%   13.02%    6.02%    5.64%    5.22%   100.00%

           SD    3019.    2123.    2026.    1679.    1824.    3201.    6377.   15681.   14773.    5286.    4039.    2845.    53623.

           CV     0.47     0.28     0.26     0.23     0.25     0.35     0.64     0.86     1.07     0.83     0.68     0.51      0.51

           FILE: o:\STREAMFL\MONTH\10180000

              Critical (Driest) Period Analysis
              ---------------------------------

                1 Year Period 1956-1956

         MEAN    2331.    4167.    5869.    5635.    5070.    5363.    2458.    6405.    2444.    1954.    1851.    1741.    45288.

                3 Year Period 1989-1991

         MEAN    3862.    6112.    6445.    5784.    5349.    6082.    3716.    3423.    3123.    2268.    2455.    2623.    51243.

                5 Year Period 1953-1957

         MEAN    3629.    5492.    6748.    6271.    5896.    6796.    4196.    6211.    5372.    2989.    2980.    2529.    59108.

               10 Year Period 1955-1964

         MEAN    3767.    5341.    6249.    5584.    6354.    7416.    7030.    9295.    5949.    2578.    2971.    3616.    66150.



              ERROR CHECK


         ERROR 1912**********
         ERROR 1914**********
         ERROR 1923**********
         ERROR 1925**********
         ERROR 1926**********
         ERROR 1927**********

         Years not in Sequence, Duplicated or Missing
         Years as They Appear in File:
          1912 1914 1915 1916 1917 1918 1919 1920 1921 1922 1923 1924 1925 1926 1927
          1950 1951 1952 1953 1954 1955 1956 1957 1958 1959 1960 1961 1962 1963 1964
          1965 1966 1967 1968 1969 1970 1971 1972 1973 1974 1975 1976 1977 1978 1979
          1980 1981 1982 1983 1984 1985 1986 1987 1988 1989 1990 1991 1992 1993 1994
          1995
2   MISSING   YEAR GROUPS
          1913-1913 1928-1949
