 
                        10206000 SALINA CREEK AT SALINA, UT                                             


         YEAR     OCT      NOV      DEC      JAN      FEB      MAR      APR      MAY      JUN      JUL      AUG      SEP       ANN

         1989     418.     762.     575.     468.     647.    2037.     515.     397.      85.      99.      78.      58.     6138.
         1990     195.     516.     460.     439.     464.     707.     126.     191.     173.      88.      67.      89.     3515.
         1991     333.     430.     209.     222.     496.     610.     113.    3866.    3961.      62.     201.      50.    10553.
         1992     340.    1206.     942.     968.     920.     838.     921.    2444.      65.      41.      38.      43.     8766.
         1993     313.     725.     529.     558.     863.    1914.    1258.   12678.    2012.      88.      68.      51.    21057.
         1994     618.    1133.    1121.    1331.    1099.     782.     415.    2082.      81.      30.      54.      72.     8817.
         1995     588.     620.     813.     946.     968.     937.     309.    8668.   17744.    1516.      47.      47.    33203.

         MEAN     401.     770.     664.     704.     780.    1118.     523.    4332.    3446.     275.      79.      59.    13150.

          PCT    3.05%    5.86%    5.05%    5.36%    5.93%    8.50%    3.97%   32.95%   26.21%    2.09%    0.60%    0.45%   100.00%

           SD     153.     296.     312.     388.     245.     596.     425.    4653.    6474.     548.      56.      16.    10419.

           CV     0.38     0.38     0.47     0.55     0.31     0.53     0.81     1.07     1.88     1.99     0.70     0.28      0.79

           FILE: 10206000.mon              

              Critical (Driest) Period Analysis
              ---------------------------------

                1 Year Period 1990-1990

         MEAN     195.     516.     460.     439.     464.     707.     126.     191.     173.      88.      67.      89.     3515.

                3 Year Period 1989-1991

         MEAN     315.     569.     415.     376.     536.    1118.     252.    1485.    1406.      83.     115.      66.     6735.

                5 Year Period 1989-1993

         MEAN     320.     728.     543.     531.     678.    1221.     587.    3915.    1259.      76.      90.      58.    10006.



              ERROR CHECK


